
  .   ____          _            __ _ _
 /\\ / ___'_ __ _ _(_)_ __  __ _ \ \ \ \
( ( )\___ | '_ | '_| | '_ \/ _` | \ \ \ \
 \\/  ___)| |_)| | | | | || (_| |  ) ) ) )
  '  |____| .__|_| |_|_| |_\__, | / / / /
 =========|_|==============|___/=/_/_/_/
 :: Spring Boot ::        (v2.0.2.RELEASE)

2018-05-24 22:56:13.313  INFO 4232 --- [           main] c.e.demo.SpringbootDockerApplication     : Starting SpringbootDockerApplication v0.0.1-SNAPSHOT on MacBook-Pro.local with PID 4232 (/Users/KAI/PROJECT/JAVA/springboot-docker/target/springboot-docker-0.0.1-SNAPSHOT.jar started by KAI in /Users/KAI/PROJECT/JAVA/springboot-docker)
2018-05-24 22:56:13.319  INFO 4232 --- [           main] c.e.demo.SpringbootDockerApplication     : No active profile set, falling back to default profiles: default
2018-05-24 22:56:13.440  INFO 4232 --- [           main] ConfigServletWebServerApplicationContext : Refreshing org.springframework.boot.web.servlet.context.AnnotationConfigServletWebServerApplicationContext@7cef4e59: startup date [Thu May 24 22:56:13 ICT 2018]; root of context hierarchy
2018-05-24 22:56:15.009  INFO 4232 --- [           main] o.s.b.w.embedded.tomcat.TomcatWebServer  : Tomcat initialized with port(s): 8080 (http)
2018-05-24 22:56:15.050  INFO 4232 --- [           main] o.apache.catalina.core.StandardService   : Starting service [Tomcat]
2018-05-24 22:56:15.050  INFO 4232 --- [           main] org.apache.catalina.core.StandardEngine  : Starting Servlet Engine: Apache Tomcat/8.5.31
2018-05-24 22:56:15.065  INFO 4232 --- [ost-startStop-1] o.a.catalina.core.AprLifecycleListener   : The APR based Apache Tomcat Native library which allows optimal performance in production environments was not found on the java.library.path: [/Users/KAI/Library/Java/Extensions:/Library/Java/Extensions:/Network/Library/Java/Extensions:/System/Library/Java/Extensions:/usr/lib/java:.]
2018-05-24 22:56:15.171  INFO 4232 --- [ost-startStop-1] o.a.c.c.C.[Tomcat].[localhost].[/]       : Initializing Spring embedded WebApplicationContext
2018-05-24 22:56:15.171  INFO 4232 --- [ost-startStop-1] o.s.web.context.ContextLoader            : Root WebApplicationContext: initialization completed in 1734 ms
2018-05-24 22:56:15.322  INFO 4232 --- [ost-startStop-1] o.s.b.w.servlet.ServletRegistrationBean  : Servlet dispatcherServlet mapped to [/]
2018-05-24 22:56:15.328  INFO 4232 --- [ost-startStop-1] o.s.b.w.servlet.FilterRegistrationBean   : Mapping filter: 'characterEncodingFilter' to: [/*]
2018-05-24 22:56:15.328  INFO 4232 --- [ost-startStop-1] o.s.b.w.servlet.FilterRegistrationBean   : Mapping filter: 'hiddenHttpMethodFilter' to: [/*]
2018-05-24 22:56:15.328  INFO 4232 --- [ost-startStop-1] o.s.b.w.servlet.FilterRegistrationBean   : Mapping filter: 'httpPutFormContentFilter' to: [/*]
2018-05-24 22:56:15.328  INFO 4232 --- [ost-startStop-1] o.s.b.w.servlet.FilterRegistrationBean   : Mapping filter: 'requestContextFilter' to: [/*]
2018-05-24 22:56:15.501  INFO 4232 --- [           main] o.s.w.s.handler.SimpleUrlHandlerMapping  : Mapped URL path [/**/favicon.ico] onto handler of type [class org.springframework.web.servlet.resource.ResourceHttpRequestHandler]
2018-05-24 22:56:15.792  INFO 4232 --- [           main] s.w.s.m.m.a.RequestMappingHandlerAdapter : Looking for @ControllerAdvice: org.springframework.boot.web.servlet.context.AnnotationConfigServletWebServerApplicationContext@7cef4e59: startup date [Thu May 24 22:56:13 ICT 2018]; root of context hierarchy
2018-05-24 22:56:15.953  INFO 4232 --- [           main] s.w.s.m.m.a.RequestMappingHandlerMapping : Mapped "{[/]}" onto public java.lang.String com.example.demo.SpringbootDockerApplication.home()
2018-05-24 22:56:15.957  INFO 4232 --- [           main] s.w.s.m.m.a.RequestMappingHandlerMapping : Mapped "{[/error]}" onto public org.springframework.http.ResponseEntity<java.util.Map<java.lang.String, java.lang.Object>> org.springframework.boot.autoconfigure.web.servlet.error.BasicErrorController.error(javax.servlet.http.HttpServletRequest)
2018-05-24 22:56:15.958  INFO 4232 --- [           main] s.w.s.m.m.a.RequestMappingHandlerMapping : Mapped "{[/error],produces=[text/html]}" onto public org.springframework.web.servlet.ModelAndView org.springframework.boot.autoconfigure.web.servlet.error.BasicErrorController.errorHtml(javax.servlet.http.HttpServletRequest,javax.servlet.http.HttpServletResponse)
2018-05-24 22:56:15.990  INFO 4232 --- [           main] o.s.w.s.handler.SimpleUrlHandlerMapping  : Mapped URL path [/webjars/**] onto handler of type [class org.springframework.web.servlet.resource.ResourceHttpRequestHandler]
2018-05-24 22:56:15.991  INFO 4232 --- [           main] o.s.w.s.handler.SimpleUrlHandlerMapping  : Mapped URL path [/**] onto handler of type [class org.springframework.web.servlet.resource.ResourceHttpRequestHandler]
2018-05-24 22:56:16.170  INFO 4232 --- [           main] o.s.j.e.a.AnnotationMBeanExporter        : Registering beans for JMX exposure on startup
2018-05-24 22:56:16.254  INFO 4232 --- [           main] o.s.b.w.embedded.tomcat.TomcatWebServer  : Tomcat started on port(s): 8080 (http) with context path ''
2018-05-24 22:56:16.260  INFO 4232 --- [           main] c.e.demo.SpringbootDockerApplication     : Started SpringbootDockerApplication in 3.513 seconds (JVM running for 4.079)
2018-05-24 22:57:39.251  INFO 4232 --- [nio-8080-exec-1] o.a.c.c.C.[Tomcat].[localhost].[/]       : Initializing Spring FrameworkServlet 'dispatcherServlet'
2018-05-24 22:57:39.251  INFO 4232 --- [nio-8080-exec-1] o.s.web.servlet.DispatcherServlet        : FrameworkServlet 'dispatcherServlet': initialization started
2018-05-24 22:57:39.288  INFO 4232 --- [nio-8080-exec-1] o.s.web.servlet.DispatcherServlet        : FrameworkServlet 'dispatcherServlet': initialization completed in 36 ms
